<?xml version="1.0" encoding="UTF-8"?>
<!-- Generated by org.testng.reporters.JUnitReportReporter -->
<testsuite skipped="0" hostname="Arkoleini-Flex" name="seleniumT1.TestWeb01" tests="1" failures="0" timestamp="2020-09-04T10:39:44 CDT" time="0.018" errors="0">
  <testcase name="test1" time="0.018" classname="seleniumT1.TestWeb01"/>
  <system-out/>
</testsuite> <!-- seleniumT1.TestWeb01 -->
